<?xml version="1.0" encoding="UTF-8" ?>
<testsuite tests="1" failures="0" name="com.maniatis.image.recognition.engine.rest.TestAwsImageAnalyzer" time="7.002" errors="1" skipped="0">
  <properties>
    <property name="java.runtime.name" value="OpenJDK Runtime Environment"/>
    <property name="java.vm.version" value="15.0.2+7"/>
    <property name="sun.boot.library.path" value="/usr/local/Cellar/openjdk/15.0.2/libexec/openjdk.jdk/Contents/Home/lib"/>
    <property name="maven.multiModuleProjectDirectory" value="/Users/michaelmaniatis/repos/Maniatis-Image-Recognition-Engine"/>
    <property name="java.vm.vendor" value="Oracle Corporation"/>
    <property name="java.vendor.url" value="https://openjdk.java.net/"/>
    <property name="guice.disable.misplaced.annotation.check" value="true"/>
    <property name="path.separator" value=":"/>
    <property name="java.vm.name" value="OpenJDK 64-Bit Server VM"/>
    <property name="user.country" value="US"/>
    <property name="sun.java.launcher" value="SUN_STANDARD"/>
    <property name="java.vm.specification.name" value="Java Virtual Machine Specification"/>
    <property name="user.dir" value="/Users/michaelmaniatis/repos/Maniatis-Image-Recognition-Engine"/>
    <property name="java.vm.compressedOopsMode" value="Zero based"/>
    <property name="java.runtime.version" value="15.0.2+7"/>
    <property name="os.arch" value="x86_64"/>
    <property name="java.io.tmpdir" value="/var/folders/_x/7_ml5f1x4wb05w26yptz8zb80000gn/T/"/>
    <property name="line.separator" value="
"/>
    <property name="java.vm.specification.vendor" value="Oracle Corporation"/>
    <property name="os.name" value="Mac OS X"/>
    <property name="classworlds.conf" value="/usr/local/Cellar/maven/3.6.3_1/libexec/bin/m2.conf"/>
    <property name="sun.jnu.encoding" value="UTF-8"/>
    <property name="java.library.path" value="/Users/michaelmaniatis/Library/Java/Extensions:/Library/Java/Extensions:/Network/Library/Java/Extensions:/System/Library/Java/Extensions:/usr/lib/java:."/>
    <property name="maven.conf" value="/usr/local/Cellar/maven/3.6.3_1/libexec/conf"/>
    <property name="jdk.debug" value="release"/>
    <property name="java.class.version" value="59.0"/>
    <property name="java.specification.name" value="Java Platform API Specification"/>
    <property name="sun.management.compiler" value="HotSpot 64-Bit Tiered Compilers"/>
    <property name="os.version" value="11.5.1"/>
    <property name="library.jansi.path" value="/usr/local/Cellar/maven/3.6.3_1/libexec/lib/jansi-native"/>
    <property name="http.nonProxyHosts" value="local|*.local|169.254/16|*.169.254/16"/>
    <property name="user.home" value="/Users/michaelmaniatis"/>
    <property name="user.timezone" value="America/Chicago"/>
    <property name="file.encoding" value="UTF-8"/>
    <property name="java.specification.version" value="15"/>
    <property name="user.name" value="michaelmaniatis"/>
    <property name="java.class.path" value="/usr/local/Cellar/maven/3.6.3_1/libexec/boot/plexus-classworlds-2.6.0.jar"/>
    <property name="java.vm.specification.version" value="15"/>
    <property name="sun.arch.data.model" value="64"/>
    <property name="sun.java.command" value="org.codehaus.plexus.classworlds.launcher.Launcher clean install"/>
    <property name="java.home" value="/usr/local/Cellar/openjdk/15.0.2/libexec/openjdk.jdk/Contents/Home"/>
    <property name="user.language" value="en"/>
    <property name="java.specification.vendor" value="Oracle Corporation"/>
    <property name="java.vm.info" value="mixed mode, sharing"/>
    <property name="java.version" value="15.0.2"/>
    <property name="java.vendor" value="N/A"/>
    <property name="maven.home" value="/usr/local/Cellar/maven/3.6.3_1/libexec"/>
    <property name="file.separator" value="/"/>
    <property name="java.version.date" value="2021-01-19"/>
    <property name="java.vendor.url.bug" value="https://bugreport.java.com/bugreport/"/>
    <property name="sun.io.unicode.encoding" value="UnicodeBig"/>
    <property name="sun.cpu.endian" value="little"/>
    <property name="socksNonProxyHosts" value="local|*.local|169.254/16|*.169.254/16"/>
    <property name="ftp.nonProxyHosts" value="local|*.local|169.254/16|*.169.254/16"/>
  </properties>
  <testcase classname="com.maniatis.image.recognition.engine.rest.TestAwsImageAnalyzer" name="happyPath" time="7.002">
    <error message="Unable to find a region via the region provider chain. Must provide an explicit region in the builder or setup environment to supply a region." type="com.amazonaws.SdkClientException">com.amazonaws.SdkClientException: Unable to find a region via the region provider chain. Must provide an explicit region in the builder or setup environment to supply a region.
	at com.amazonaws.client.builder.AwsClientBuilder.setRegion(AwsClientBuilder.java:462)
	at com.amazonaws.client.builder.AwsClientBuilder.configureMutableProperties(AwsClientBuilder.java:424)
	at com.amazonaws.client.builder.AwsSyncClientBuilder.build(AwsSyncClientBuilder.java:46)
	at com.amazonaws.services.rekognition.AmazonRekognitionClientBuilder.defaultClient(AmazonRekognitionClientBuilder.java:45)
	at com.maniatis.image.recognition.engine.rest.TestAwsImageAnalyzer.before(TestAwsImageAnalyzer.java:18)
	at java.base/jdk.internal.reflect.NativeMethodAccessorImpl.invoke0(Native Method)
	at java.base/jdk.internal.reflect.NativeMethodAccessorImpl.invoke(NativeMethodAccessorImpl.java:64)
	at java.base/jdk.internal.reflect.DelegatingMethodAccessorImpl.invoke(DelegatingMethodAccessorImpl.java:43)
	at java.base/java.lang.reflect.Method.invoke(Method.java:564)
	at org.junit.runners.model.FrameworkMethod$1.runReflectiveCall(FrameworkMethod.java:50)
	at org.junit.internal.runners.model.ReflectiveCallable.run(ReflectiveCallable.java:12)
	at org.junit.runners.model.FrameworkMethod.invokeExplosively(FrameworkMethod.java:47)
	at org.junit.internal.runners.statements.RunBefores.evaluate(RunBefores.java:24)
	at org.junit.runners.ParentRunner.runLeaf(ParentRunner.java:325)
	at org.junit.runners.BlockJUnit4ClassRunner.runChild(BlockJUnit4ClassRunner.java:78)
	at org.junit.runners.BlockJUnit4ClassRunner.runChild(BlockJUnit4ClassRunner.java:57)
	at org.junit.runners.ParentRunner$3.run(ParentRunner.java:290)
	at org.junit.runners.ParentRunner$1.schedule(ParentRunner.java:71)
	at org.junit.runners.ParentRunner.runChildren(ParentRunner.java:288)
	at org.junit.runners.ParentRunner.access$000(ParentRunner.java:58)
	at org.junit.runners.ParentRunner$2.evaluate(ParentRunner.java:268)
	at org.junit.runners.ParentRunner.run(ParentRunner.java:363)
	at org.apache.maven.surefire.junit4.JUnit4Provider.execute(JUnit4Provider.java:252)
	at org.apache.maven.surefire.junit4.JUnit4Provider.executeTestSet(JUnit4Provider.java:141)
	at org.apache.maven.surefire.junit4.JUnit4Provider.invoke(JUnit4Provider.java:112)
	at java.base/jdk.internal.reflect.NativeMethodAccessorImpl.invoke0(Native Method)
	at java.base/jdk.internal.reflect.NativeMethodAccessorImpl.invoke(NativeMethodAccessorImpl.java:64)
	at java.base/jdk.internal.reflect.DelegatingMethodAccessorImpl.invoke(DelegatingMethodAccessorImpl.java:43)
	at java.base/java.lang.reflect.Method.invoke(Method.java:564)
	at org.apache.maven.surefire.util.ReflectionUtils.invokeMethodWithArray(ReflectionUtils.java:189)
	at org.apache.maven.surefire.booter.ProviderFactory$ProviderProxy.invoke(ProviderFactory.java:165)
	at org.apache.maven.surefire.booter.ProviderFactory.invokeProvider(ProviderFactory.java:85)
	at org.apache.maven.surefire.booter.ForkedBooter.runSuitesInProcess(ForkedBooter.java:115)
	at org.apache.maven.surefire.booter.ForkedBooter.main(ForkedBooter.java:75)
</error>
    <system-err>Jul 28, 2021 9:36:29 PM com.amazonaws.auth.profile.internal.BasicProfileConfigLoader loadProfiles
WARNING: Your profile name includes a &apos;profile &apos; prefix. This is considered part of the profile name in the Java SDK, so you will need to include this prefix in your profile name when you reference this profile from your Java code.
Jul 28, 2021 9:36:29 PM com.amazonaws.auth.profile.internal.BasicProfileConfigLoader loadProfiles
WARNING: Your profile name includes a &apos;profile &apos; prefix. This is considered part of the profile name in the Java SDK, so you will need to include this prefix in your profile name when you reference this profile from your Java code.
Jul 28, 2021 9:36:29 PM com.amazonaws.auth.profile.internal.BasicProfileConfigLoader loadProfiles
WARNING: Your profile name includes a &apos;profile &apos; prefix. This is considered part of the profile name in the Java SDK, so you will need to include this prefix in your profile name when you reference this profile from your Java code.
Jul 28, 2021 9:36:36 PM com.amazonaws.util.EC2MetadataUtils getItems
WARNING: Unable to retrieve the requested metadata (/latest/dynamic/instance-identity/document). Failed to connect to service endpoint: 
com.amazonaws.SdkClientException: Failed to connect to service endpoint: 
	at com.amazonaws.internal.EC2ResourceFetcher.doReadResource(EC2ResourceFetcher.java:100)
	at com.amazonaws.internal.EC2ResourceFetcher.doReadResource(EC2ResourceFetcher.java:70)
	at com.amazonaws.internal.InstanceMetadataServiceResourceFetcher.readResource(InstanceMetadataServiceResourceFetcher.java:75)
	at com.amazonaws.internal.EC2ResourceFetcher.readResource(EC2ResourceFetcher.java:66)
	at com.amazonaws.util.EC2MetadataUtils.getItems(EC2MetadataUtils.java:403)
	at com.amazonaws.util.EC2MetadataUtils.getData(EC2MetadataUtils.java:372)
	at com.amazonaws.util.EC2MetadataUtils.getData(EC2MetadataUtils.java:368)
	at com.amazonaws.util.EC2MetadataUtils.getEC2InstanceRegion(EC2MetadataUtils.java:283)
	at com.amazonaws.regions.InstanceMetadataRegionProvider.tryDetectRegion(InstanceMetadataRegionProvider.java:59)
	at com.amazonaws.regions.InstanceMetadataRegionProvider.getRegion(InstanceMetadataRegionProvider.java:50)
	at com.amazonaws.regions.AwsRegionProviderChain.getRegion(AwsRegionProviderChain.java:46)
	at com.amazonaws.client.builder.AwsClientBuilder.determineRegionFromRegionProvider(AwsClientBuilder.java:475)
	at com.amazonaws.client.builder.AwsClientBuilder.setRegion(AwsClientBuilder.java:458)
	at com.amazonaws.client.builder.AwsClientBuilder.configureMutableProperties(AwsClientBuilder.java:424)
	at com.amazonaws.client.builder.AwsSyncClientBuilder.build(AwsSyncClientBuilder.java:46)
	at com.amazonaws.services.rekognition.AmazonRekognitionClientBuilder.defaultClient(AmazonRekognitionClientBuilder.java:45)
	at com.maniatis.image.recognition.engine.rest.TestAwsImageAnalyzer.before(TestAwsImageAnalyzer.java:18)
	at java.base/jdk.internal.reflect.NativeMethodAccessorImpl.invoke0(Native Method)
	at java.base/jdk.internal.reflect.NativeMethodAccessorImpl.invoke(NativeMethodAccessorImpl.java:64)
	at java.base/jdk.internal.reflect.DelegatingMethodAccessorImpl.invoke(DelegatingMethodAccessorImpl.java:43)
	at java.base/java.lang.reflect.Method.invoke(Method.java:564)
	at org.junit.runners.model.FrameworkMethod$1.runReflectiveCall(FrameworkMethod.java:50)
	at org.junit.internal.runners.model.ReflectiveCallable.run(ReflectiveCallable.java:12)
	at org.junit.runners.model.FrameworkMethod.invokeExplosively(FrameworkMethod.java:47)
	at org.junit.internal.runners.statements.RunBefores.evaluate(RunBefores.java:24)
	at org.junit.runners.ParentRunner.runLeaf(ParentRunner.java:325)
	at org.junit.runners.BlockJUnit4ClassRunner.runChild(BlockJUnit4ClassRunner.java:78)
	at org.junit.runners.BlockJUnit4ClassRunner.runChild(BlockJUnit4ClassRunner.java:57)
	at org.junit.runners.ParentRunner$3.run(ParentRunner.java:290)
	at org.junit.runners.ParentRunner$1.schedule(ParentRunner.java:71)
	at org.junit.runners.ParentRunner.runChildren(ParentRunner.java:288)
	at org.junit.runners.ParentRunner.access$000(ParentRunner.java:58)
	at org.junit.runners.ParentRunner$2.evaluate(ParentRunner.java:268)
	at org.junit.runners.ParentRunner.run(ParentRunner.java:363)
	at org.apache.maven.surefire.junit4.JUnit4Provider.execute(JUnit4Provider.java:252)
	at org.apache.maven.surefire.junit4.JUnit4Provider.executeTestSet(JUnit4Provider.java:141)
	at org.apache.maven.surefire.junit4.JUnit4Provider.invoke(JUnit4Provider.java:112)
	at java.base/jdk.internal.reflect.NativeMethodAccessorImpl.invoke0(Native Method)
	at java.base/jdk.internal.reflect.NativeMethodAccessorImpl.invoke(NativeMethodAccessorImpl.java:64)
	at java.base/jdk.internal.reflect.DelegatingMethodAccessorImpl.invoke(DelegatingMethodAccessorImpl.java:43)
	at java.base/java.lang.reflect.Method.invoke(Method.java:564)
	at org.apache.maven.surefire.util.ReflectionUtils.invokeMethodWithArray(ReflectionUtils.java:189)
	at org.apache.maven.surefire.booter.ProviderFactory$ProviderProxy.invoke(ProviderFactory.java:165)
	at org.apache.maven.surefire.booter.ProviderFactory.invokeProvider(ProviderFactory.java:85)
	at org.apache.maven.surefire.booter.ForkedBooter.runSuitesInProcess(ForkedBooter.java:115)
	at org.apache.maven.surefire.booter.ForkedBooter.main(ForkedBooter.java:75)
Caused by: java.net.SocketException: Host is down
	at java.base/sun.nio.ch.Net.connect0(Native Method)
	at java.base/sun.nio.ch.Net.connect(Net.java:574)
	at java.base/sun.nio.ch.Net.connect(Net.java:563)
	at java.base/sun.nio.ch.NioSocketImpl.connect(NioSocketImpl.java:588)
	at java.base/java.net.Socket.connect(Socket.java:648)
	at java.base/sun.net.NetworkClient.doConnect(NetworkClient.java:177)
	at java.base/sun.net.www.http.HttpClient.openServer(HttpClient.java:474)
	at java.base/sun.net.www.http.HttpClient.openServer(HttpClient.java:569)
	at java.base/sun.net.www.http.HttpClient.&lt;init&gt;(HttpClient.java:242)
	at java.base/sun.net.www.http.HttpClient.New(HttpClient.java:341)
	at java.base/sun.net.www.http.HttpClient.New(HttpClient.java:362)
	at java.base/sun.net.www.protocol.http.HttpURLConnection.getNewHttpClient(HttpURLConnection.java:1261)
	at java.base/sun.net.www.protocol.http.HttpURLConnection.plainConnect0(HttpURLConnection.java:1239)
	at java.base/sun.net.www.protocol.http.HttpURLConnection.plainConnect(HttpURLConnection.java:1082)
	at java.base/sun.net.www.protocol.http.HttpURLConnection.connect(HttpURLConnection.java:1016)
	at com.amazonaws.internal.ConnectionUtils.connectToEndpoint(ConnectionUtils.java:52)
	at com.amazonaws.internal.EC2ResourceFetcher.doReadResource(EC2ResourceFetcher.java:80)
	... 45 more

</system-err>
  </testcase>
</testsuite>